<?xml version="1.0" encoding="UTF-8"?>
<robot generator="Robot 6.0.2 (Python 3.11.3 on win32)" generated="20230503 19:50:11.412" rpa="false" schemaversion="3">
<suite id="s1" name="Teszt" source="C:\Users\Attila\Desktop\Angular0503\FireBaseAuth\teszt.robot">
<test id="s1-t1" name="Opening" line="5">
<kw name="Opening Website">
<kw name="Open Browser" library="SeleniumLibrary">
<arg>http://localhost:4200</arg>
<arg>Chrome</arg>
<arg>options=add_experimental_option("detach", True)</arg>
<doc>Opens a new browser instance to the optional ``url``.</doc>
<msg timestamp="20230503 19:50:11.897" level="INFO">Opening browser 'Chrome' to base url 'http://localhost:4200'.</msg>
<status status="PASS" starttime="20230503 19:50:11.896" endtime="20230503 19:50:14.658"/>
</kw>
<kw name="Maximize Browser Window" library="SeleniumLibrary">
<doc>Maximizes current browser window.</doc>
<status status="PASS" starttime="20230503 19:50:14.659" endtime="20230503 19:50:14.796"/>
</kw>
<kw name="Wait Until Element Is Visible" library="SeleniumLibrary">
<arg>xpath://*[@id="firebaseui-auth-container"]/div/div[1]/form/ul/li[1]/button/span[2]</arg>
<arg>timeout=2</arg>
<doc>Waits until the element ``locator`` is visible.</doc>
<status status="PASS" starttime="20230503 19:50:14.796" endtime="20230503 19:50:14.894"/>
</kw>
<status status="PASS" starttime="20230503 19:50:11.896" endtime="20230503 19:50:14.894"/>
</kw>
<kw name="Login User">
<kw name="Click Element" library="SeleniumLibrary">
<arg>xpath://*[@id="firebaseui-auth-container"]/div/div[1]/form/ul/li[2]/button/span[2]</arg>
<doc>Click the element identified by ``locator``.</doc>
<msg timestamp="20230503 19:50:14.897" level="INFO">Clicking element 'xpath://*[@id="firebaseui-auth-container"]/div/div[1]/form/ul/li[2]/button/span[2]'.</msg>
<status status="PASS" starttime="20230503 19:50:14.896" endtime="20230503 19:50:15.022"/>
</kw>
<kw name="Sleep" library="BuiltIn">
<arg>1s</arg>
<doc>Pauses the test executed for the given time.</doc>
<msg timestamp="20230503 19:50:16.024" level="INFO">Slept 1 second</msg>
<status status="PASS" starttime="20230503 19:50:15.022" endtime="20230503 19:50:16.024"/>
</kw>
<kw name="Input Text" library="SeleniumLibrary">
<arg>id:ui-sign-in-email-input</arg>
<arg>szoftteszt2020@gmail.com</arg>
<doc>Types the given ``text`` into the text field identified by ``locator``.</doc>
<msg timestamp="20230503 19:50:16.025" level="INFO">Typing text 'szoftteszt2020@gmail.com' into text field 'id:ui-sign-in-email-input'.</msg>
<status status="PASS" starttime="20230503 19:50:16.024" endtime="20230503 19:50:16.244"/>
</kw>
<kw name="Click Element" library="SeleniumLibrary">
<arg>xpath://*[@id="firebaseui-auth-container"]/div/form/div[3]/div/button[2]</arg>
<doc>Click the element identified by ``locator``.</doc>
<msg timestamp="20230503 19:50:16.246" level="INFO">Clicking element 'xpath://*[@id="firebaseui-auth-container"]/div/form/div[3]/div/button[2]'.</msg>
<status status="PASS" starttime="20230503 19:50:16.244" endtime="20230503 19:50:16.334"/>
</kw>
<kw name="Sleep" library="BuiltIn">
<arg>2s</arg>
<doc>Pauses the test executed for the given time.</doc>
<msg timestamp="20230503 19:50:18.337" level="INFO">Slept 2 seconds</msg>
<status status="PASS" starttime="20230503 19:50:16.334" endtime="20230503 19:50:18.337"/>
</kw>
<kw name="Input Text" library="SeleniumLibrary">
<arg>xpath://*[@id="ui-sign-in-password-input"]</arg>
<arg>Almafa12;</arg>
<doc>Types the given ``text`` into the text field identified by ``locator``.</doc>
<msg timestamp="20230503 19:50:18.339" level="INFO">Typing text 'Almafa12;' into text field 'xpath://*[@id="ui-sign-in-password-input"]'.</msg>
<status status="PASS" starttime="20230503 19:50:18.337" endtime="20230503 19:50:18.703"/>
</kw>
<kw name="Capture Page Screenshot" library="SeleniumLibrary">
<arg>login.png</arg>
<doc>Takes a screenshot of the current page and embeds it into a log file.</doc>
<msg timestamp="20230503 19:50:19.086" level="INFO" html="true">&lt;/td&gt;&lt;/tr&gt;&lt;tr&gt;&lt;td colspan="3"&gt;&lt;a href="login.png"&gt;&lt;img src="login.png" width="800px"&gt;&lt;/a&gt;</msg>
<status status="PASS" starttime="20230503 19:50:18.704" endtime="20230503 19:50:19.086"/>
</kw>
<kw name="Click Element" library="SeleniumLibrary">
<arg>xpath://*[@id="firebaseui-auth-container"]/div/form/div[3]/div[2]/button</arg>
<doc>Click the element identified by ``locator``.</doc>
<msg timestamp="20230503 19:50:19.088" level="INFO">Clicking element 'xpath://*[@id="firebaseui-auth-container"]/div/form/div[3]/div[2]/button'.</msg>
<status status="PASS" starttime="20230503 19:50:19.087" endtime="20230503 19:50:19.196"/>
</kw>
<kw name="Wait Until Element Is Visible" library="SeleniumLibrary">
<arg>id:welcome</arg>
<arg>timeout=2</arg>
<doc>Waits until the element ``locator`` is visible.</doc>
<status status="PASS" starttime="20230503 19:50:19.197" endtime="20230503 19:50:19.958"/>
</kw>
<status status="PASS" starttime="20230503 19:50:14.895" endtime="20230503 19:50:19.958"/>
</kw>
<kw name="Logout User">
<kw name="Maximize Browser Window" library="SeleniumLibrary">
<doc>Maximizes current browser window.</doc>
<status status="PASS" starttime="20230503 19:50:19.962" endtime="20230503 19:50:19.967"/>
</kw>
<kw name="Sleep" library="BuiltIn">
<arg>1s</arg>
<doc>Pauses the test executed for the given time.</doc>
<msg timestamp="20230503 19:50:20.969" level="INFO">Slept 1 second</msg>
<status status="PASS" starttime="20230503 19:50:19.968" endtime="20230503 19:50:20.969"/>
</kw>
<kw name="Capture Page Screenshot" library="SeleniumLibrary">
<arg>logout.png</arg>
<doc>Takes a screenshot of the current page and embeds it into a log file.</doc>
<msg timestamp="20230503 19:50:21.392" level="INFO" html="true">&lt;/td&gt;&lt;/tr&gt;&lt;tr&gt;&lt;td colspan="3"&gt;&lt;a href="logout.png"&gt;&lt;img src="logout.png" width="800px"&gt;&lt;/a&gt;</msg>
<status status="PASS" starttime="20230503 19:50:20.969" endtime="20230503 19:50:21.392"/>
</kw>
<kw name="Click Element" library="SeleniumLibrary">
<arg>xpath://*[@id="navbarSupportedContent"]/ul/li[2]/a</arg>
<doc>Click the element identified by ``locator``.</doc>
<msg timestamp="20230503 19:50:21.394" level="INFO">Clicking element 'xpath://*[@id="navbarSupportedContent"]/ul/li[2]/a'.</msg>
<status status="PASS" starttime="20230503 19:50:21.392" endtime="20230503 19:50:21.489"/>
</kw>
<kw name="Wait Until Element Is Visible" library="SeleniumLibrary">
<arg>xpath://*[@id="firebaseui-auth-container"]/div/div[1]/form/ul/li[1]/button/span[2]</arg>
<arg>timeout=3</arg>
<doc>Waits until the element ``locator`` is visible.</doc>
<status status="PASS" starttime="20230503 19:50:21.489" endtime="20230503 19:50:21.541"/>
</kw>
<kw name="Close Browser" library="SeleniumLibrary">
<doc>Closes the current browser.</doc>
<status status="PASS" starttime="20230503 19:50:21.541" endtime="20230503 19:50:23.781"/>
</kw>
<status status="PASS" starttime="20230503 19:50:19.961" endtime="20230503 19:50:23.782"/>
</kw>
<status status="PASS" starttime="20230503 19:50:11.894" endtime="20230503 19:50:23.783"/>
</test>
<status status="PASS" starttime="20230503 19:50:11.416" endtime="20230503 19:50:23.786"/>
</suite>
<statistics>
<total>
<stat pass="1" fail="0" skip="0">All Tests</stat>
</total>
<tag>
</tag>
<suite>
<stat pass="1" fail="0" skip="0" id="s1" name="Teszt">Teszt</stat>
</suite>
</statistics>
<errors>
</errors>
</robot>
